::1 - [27/Jul/2022:08:42:41 +0700] 200 [secret=-] "GET /api/address/name?id=1101010 HTTP/1.1" {} 6636.670 ms - 102 
::1 - [27/Jul/2022:08:42:47 +0700] 200 [secret=-] "POST /api/auth/signin HTTP/1.1" {"username":"wahyu","email":"wahyu.dvlp@gmail.com","password":"123"} 110.121 ms - 257 
::1 - [27/Jul/2022:08:49:24 +0700] 403 [secret=-] "GET /api/user HTTP/1.1" {"kota_id":1101} 12.808 ms - 32 
::1 - [27/Jul/2022:08:52:06 +0700] 403 [secret=-] "GET /api/user HTTP/1.1" {"kota_id":1101} 14.444 ms - 53 
::1 - [27/Jul/2022:08:52:38 +0700] 403 [secret=-] "GET /api/user HTTP/1.1" {"kota_id":1101} 1.425 ms - 53 
::1 - [27/Jul/2022:08:52:42 +0700] 200 [secret=-] "POST /api/auth/signin HTTP/1.1" {"username":"wahyu","email":"wahyu.dvlp@gmail.com","password":"123"} 95.384 ms - 257 
::1 - [27/Jul/2022:08:52:50 +0700] 200 [secret=eyJhbGciOiJIUzI1NiIsInR5cCI6IkpXVCJ9.eyJpZCI6MSwiaWF0IjoxNjU4ODg2NzYyLCJleHAiOjE2NTg5NzMxNjJ9.jyfFrU18PvTtJC67uBZfovpwQK4EsAGbi17oT2_9SJk] "GET /api/user HTTP/1.1" {"kota_id":1101} 31.821 ms - 231 
::1 - [27/Jul/2022:08:55:23 +0700] 200 [secret=eyJhbGciOiJIUzI1NiIsInR5cCI6IkpXVCJ9.eyJpZCI6MSwiaWF0IjoxNjU4ODg2NzYyLCJleHAiOjE2NTg5NzMxNjJ9.jyfFrU18PvTtJC67uBZfovpwQK4EsAGbi17oT2_9SJk] "GET /api/user HTTP/1.1" {"kota_id":1101} 34.576 ms - 262 
::1 - [27/Jul/2022:08:57:53 +0700] 200 [secret=eyJhbGciOiJIUzI1NiIsInR5cCI6IkpXVCJ9.eyJpZCI6MSwiaWF0IjoxNjU4ODg2NzYyLCJleHAiOjE2NTg5NzMxNjJ9.jyfFrU18PvTtJC67uBZfovpwQK4EsAGbi17oT2_9SJk] "GET /api/user HTTP/1.1" {"kota_id":1101} 31.287 ms - 262 
::1 - [27/Jul/2022:08:57:57 +0700] 200 [secret=eyJhbGciOiJIUzI1NiIsInR5cCI6IkpXVCJ9.eyJpZCI6MSwiaWF0IjoxNjU4ODg2NzYyLCJleHAiOjE2NTg5NzMxNjJ9.jyfFrU18PvTtJC67uBZfovpwQK4EsAGbi17oT2_9SJk] "GET /api/user/1 HTTP/1.1" {"kota_id":1101} 13.132 ms - 262 
::1 - [27/Jul/2022:08:57:59 +0700] 200 [secret=eyJhbGciOiJIUzI1NiIsInR5cCI6IkpXVCJ9.eyJpZCI6MSwiaWF0IjoxNjU4ODg2NzYyLCJleHAiOjE2NTg5NzMxNjJ9.jyfFrU18PvTtJC67uBZfovpwQK4EsAGbi17oT2_9SJk] "GET /api/user/1 HTTP/1.1" {"kota_id":1101} 11.864 ms - 262 
::1 - [27/Jul/2022:08:58:11 +0700] 200 [secret=eyJhbGciOiJIUzI1NiIsInR5cCI6IkpXVCJ9.eyJpZCI6MSwiaWF0IjoxNjU4ODg2NzYyLCJleHAiOjE2NTg5NzMxNjJ9.jyfFrU18PvTtJC67uBZfovpwQK4EsAGbi17oT2_9SJk] "GET /api/user/1 HTTP/1.1" {"kota_id":1101} 33.016 ms - 260 
::1 - [27/Jul/2022:08:58:30 +0700] 200 [secret=eyJhbGciOiJIUzI1NiIsInR5cCI6IkpXVCJ9.eyJpZCI6MSwiaWF0IjoxNjU4ODg2NzYyLCJleHAiOjE2NTg5NzMxNjJ9.jyfFrU18PvTtJC67uBZfovpwQK4EsAGbi17oT2_9SJk] "GET /api/user/2 HTTP/1.1" {"kota_id":1101} 67.196 ms - 54 
::1 - [27/Jul/2022:08:58:46 +0700] 200 [secret=eyJhbGciOiJIUzI1NiIsInR5cCI6IkpXVCJ9.eyJpZCI6MSwiaWF0IjoxNjU4ODg2NzYyLCJleHAiOjE2NTg5NzMxNjJ9.jyfFrU18PvTtJC67uBZfovpwQK4EsAGbi17oT2_9SJk] "GET /api/user/1 HTTP/1.1" {"kota_id":1101} 2128.520 ms - 260 
::1 - [27/Jul/2022:08:58:50 +0700] 200 [secret=eyJhbGciOiJIUzI1NiIsInR5cCI6IkpXVCJ9.eyJpZCI6MSwiaWF0IjoxNjU4ODg2NzYyLCJleHAiOjE2NTg5NzMxNjJ9.jyfFrU18PvTtJC67uBZfovpwQK4EsAGbi17oT2_9SJk] "GET /api/user HTTP/1.1" {"kota_id":1101} 194.730 ms - 262 
::1 - [27/Jul/2022:08:59:10 +0700] 403 [secret=-] "GET /api/user HTTP/1.1" {"kota_id":1101} 0.948 ms - 53 
::1 - [27/Jul/2022:08:59:35 +0700] 200 [secret=-] "POST /api/auth/signin HTTP/1.1" {"username":"wahyu","email":"wahyu.dvlp@gmail.com","password":"123"} 79.943 ms - 257 
::1 - [27/Jul/2022:08:59:44 +0700] 200 [secret=eyJhbGciOiJIUzI1NiIsInR5cCI6IkpXVCJ9.eyJpZCI6MSwiaWF0IjoxNjU4ODg3MTc1LCJleHAiOjE2NTg5NzM1NzV9.72xA4ZUVx9g48uq9jHixmyn1D3Ffr-6iKSem9COcnGw] "GET /api/user HTTP/1.1" {"kota_id":1101} 19.490 ms - 262 
::1 - [27/Jul/2022:09:00:13 +0700] 200 [secret=eyJhbGciOiJIUzI1NiIsInR5cCI6IkpXVCJ9.eyJpZCI6MSwiaWF0IjoxNjU4ODg3MTc1LCJleHAiOjE2NTg5NzM1NzV9.72xA4ZUVx9g48uq9jHixmyn1D3Ffr-6iKSem9COcnGw] "GET /api/address/name?id=1101010 HTTP/1.1" {} 7162.418 ms - 102 
::1 - [27/Jul/2022:09:00:29 +0700] 200 [secret=eyJhbGciOiJIUzI1NiIsInR5cCI6IkpXVCJ9.eyJpZCI6MSwiaWF0IjoxNjU4ODg3MTc1LCJleHAiOjE2NTg5NzM1NzV9.72xA4ZUVx9g48uq9jHixmyn1D3Ffr-6iKSem9COcnGw] "GET /api/address/names?kota_id=1101 HTTP/1.1" {"kota_id":1101} 7291.912 ms - 603 
::1 - [27/Jul/2022:09:02:19 +0700] 200 [secret=eyJhbGciOiJIUzI1NiIsInR5cCI6IkpXVCJ9.eyJpZCI6MSwiaWF0IjoxNjU4ODg3MTc1LCJleHAiOjE2NTg5NzM1NzV9.72xA4ZUVx9g48uq9jHixmyn1D3Ffr-6iKSem9COcnGw] "GET /api/user HTTP/1.1" {"kota_id":1101} 31.918 ms - 262 
::1 - [27/Jul/2022:09:02:23 +0700] 500 [secret=eyJhbGciOiJIUzI1NiIsInR5cCI6IkpXVCJ9.eyJpZCI6MSwiaWF0IjoxNjU4ODg3MTc1LCJleHAiOjE2NTg5NzM1NzV9.72xA4ZUVx9g48uq9jHixmyn1D3Ffr-6iKSem9COcnGw] "GET /api/user/11 HTTP/1.1" {"kota_id":1101} 15.095 ms - 60 
::1 - [27/Jul/2022:09:12:51 +0700] 200 [secret=eyJhbGciOiJIUzI1NiIsInR5cCI6IkpXVCJ9.eyJpZCI6MSwiaWF0IjoxNjU4ODg3MTc1LCJleHAiOjE2NTg5NzM1NzV9.72xA4ZUVx9g48uq9jHixmyn1D3Ffr-6iKSem9COcnGw] "GET /api/address/names?kota_id=1101 HTTP/1.1" {"kota_id":1101} 6882.994 ms - 603 
::1 - [27/Jul/2022:09:13:05 +0700] 403 [secret=-] "GET /api/address/names?kota_id=1101 HTTP/1.1" {"kota_id":1101} 4.422 ms - 53 
::1 - [27/Jul/2022:09:13:19 +0700] 200 [secret=eyJhbGciOiJIUzI1NiIsInR5cCI6IkpXVCJ9.eyJpZCI6MSwiaWF0IjoxNjU4ODg3MTc1LCJleHAiOjE2NTg5NzM1NzV9.72xA4ZUVx9g48uq9jHixmyn1D3Ffr-6iKSem9COcnGw] "GET /api/address/names?kota_id=1101 HTTP/1.1" {"kota_id":1101} 7600.216 ms - 603 
::1 - [27/Jul/2022:09:31:17 +0700] 200 [secret=eyJhbGciOiJIUzI1NiIsInR5cCI6IkpXVCJ9.eyJpZCI6MSwiaWF0IjoxNjU4ODg3MTc1LCJleHAiOjE2NTg5NzM1NzV9.72xA4ZUVx9g48uq9jHixmyn1D3Ffr-6iKSem9COcnGw] "GET /api/address/name?id=1101010 HTTP/1.1" {} 7211.026 ms - 102 
::1 - [27/Jul/2022:09:32:14 +0700] 404 [secret=eyJhbGciOiJIUzI1NiIsInR5cCI6IkpXVCJ9.eyJpZCI6MSwiaWF0IjoxNjU4ODg3MTc1LCJleHAiOjE2NTg5NzM1NzV9.72xA4ZUVx9g48uq9jHixmyn1D3Ffr-6iKSem9COcnGw] "GET /api/address/name?id=110101 HTTP/1.1" {} 6416.345 ms - 60 
